[0428/134557.729:ERROR:process_reader_win.cc(123)] NtOpenThread: {Access Denied} A process has requested access to an object, but has not been granted those access rights. (0xc0000022)
[0428/134557.847:ERROR:exception_snapshot_win.cc(98)] thread ID 24296 not found in process
[0428/134600.506:ERROR:process_reader_win.cc(123)] NtOpenThread: {Access Denied} A process has requested access to an object, but has not been granted those access rights. (0xc0000022)
[0428/134600.506:ERROR:exception_snapshot_win.cc(98)] thread ID 19824 not found in process
[0428/134603.211:ERROR:process_reader_win.cc(123)] NtOpenThread: {Access Denied} A process has requested access to an object, but has not been granted those access rights. (0xc0000022)
[0428/134603.213:ERROR:exception_snapshot_win.cc(98)] thread ID 4540 not found in process
[0428/134605.957:ERROR:process_reader_win.cc(151)] SuspendThread: Access is denied. (0x5)
[0428/134605.957:ERROR:process_reader_win.cc(151)] SuspendThread: Access is denied. (0x5)
[0428/134605.957:ERROR:process_reader_win.cc(151)] SuspendThread: Access is denied. (0x5)
[0428/134605.957:ERROR:process_reader_win.cc(123)] NtOpenThread: {Access Denied} A process has requested access to an object, but has not been granted those access rights. (0xc0000022)
[0428/134605.957:ERROR:exception_snapshot_win.cc(98)] thread ID 23608 not found in process
[0430/133510.424:ERROR:process_memory_win.cc(73)] ReadMemory at 0x77cdf00000 of 1048576 bytes failed: Only part of a ReadProcessMemory or WriteProcessMemory request was completed. (0x12B)
[0430/133510.430:ERROR:process_memory_win.cc(73)] ReadMemory at 0x77c6f81000 of 852 bytes failed: Only part of a ReadProcessMemory or WriteProcessMemory request was completed. (0x12B)
[0430/133510.431:ERROR:process_memory_win.cc(73)] ReadMemory at 0x77c6fd8000 of 6024 bytes failed: Only part of a ReadProcessMemory or WriteProcessMemory request was completed. (0x12B)
[0430/133510.431:ERROR:process_memory_win.cc(73)] ReadMemory at 0x25dedd50750 of 80 bytes failed: Only part of a ReadProcessMemory or WriteProcessMemory request was completed. (0x12B)
[0430/133510.431:ERROR:process_memory_win.cc(73)] ReadMemory at 0x25dedd50fe0 of 11838 bytes failed: Only part of a ReadProcessMemory or WriteProcessMemory request was completed. (0x12B)
[0430/133510.431:ERROR:process_memory_win.cc(73)] ReadMemory at 0x25dedd53e30 of 1012 bytes failed: Only part of a ReadProcessMemory or WriteProcessMemory request was completed. (0x12B)
[0430/133510.431:ERROR:process_memory_win.cc(73)] ReadMemory at 0x25dedd54478 of 118 bytes failed: Only part of a ReadProcessMemory or WriteProcessMemory request was completed. (0x12B)
[0430/133510.432:ERROR:process_memory_win.cc(73)] ReadMemory at 0x25dedd544f0 of 1268 bytes failed: Only part of a ReadProcessMemory or WriteProcessMemory request was completed. (0x12B)
[0430/133510.432:ERROR:process_memory_win.cc(73)] ReadMemory at 0x25dedd549e6 of 118 bytes failed: Only part of a ReadProcessMemory or WriteProcessMemory request was completed. (0x12B)
[0430/133510.433:ERROR:process_memory_win.cc(73)] ReadMemory at 0x25dedd54a5e of 96 bytes failed: Only part of a ReadProcessMemory or WriteProcessMemory request was completed. (0x12B)
[0430/133510.433:ERROR:process_memory_win.cc(73)] ReadMemory at 0x25dedd54ad0 of 58 bytes failed: Only part of a ReadProcessMemory or WriteProcessMemory request was completed. (0x12B)
[0430/133510.433:ERROR:process_memory_win.cc(73)] ReadMemory at 0x25dedd54bd0 of 132 bytes failed: Only part of a ReadProcessMemory or WriteProcessMemory request was completed. (0x12B)
[0430/133510.433:ERROR:process_memory_win.cc(73)] ReadMemory at 0x25dedd54d60 of 132 bytes failed: Only part of a ReadProcessMemory or WriteProcessMemory request was completed. (0x12B)
[0430/133510.433:ERROR:process_memory_win.cc(73)] ReadMemory at 0x25dedd54f20 of 126 bytes failed: Only part of a ReadProcessMemory or WriteProcessMemory request was completed. (0x12B)
[0430/133510.433:ERROR:process_memory_win.cc(73)] ReadMemory at 0x25dedd55300 of 132 bytes failed: Only part of a ReadProcessMemory or WriteProcessMemory request was completed. (0x12B)
[0430/133510.433:ERROR:process_memory_win.cc(73)] ReadMemory at 0x25dedd55490 of 64 bytes failed: Only part of a ReadProcessMemory or WriteProcessMemory request was completed. (0x12B)
[0430/133510.434:ERROR:process_memory_win.cc(73)] ReadMemory at 0x25dedd55650 of 132 bytes failed: Only part of a ReadProcessMemory or WriteProcessMemory request was completed. (0x12B)
[0430/133510.434:ERROR:process_memory_win.cc(73)] ReadMemory at 0x25dedd558f0 of 132 bytes failed: Only part of a ReadProcessMemory or WriteProcessMemory request was completed. (0x12B)
[0430/133510.434:ERROR:process_memory_win.cc(73)] ReadMemory at 0x25dedd55a80 of 68 bytes failed: Only part of a ReadProcessMemory or WriteProcessMemory request was completed. (0x12B)
[0430/133510.434:ERROR:process_memory_win.cc(73)] ReadMemory at 0x25dedd56b70 of 146 bytes failed: Only part of a ReadProcessMemory or WriteProcessMemory request was completed. (0x12B)
[0430/133510.434:ERROR:process_memory_win.cc(73)] ReadMemory at 0x25dedd56c50 of 132 bytes failed: Only part of a ReadProcessMemory or WriteProcessMemory request was completed. (0x12B)
[0430/133510.434:ERROR:process_memory_win.cc(73)] ReadMemory at 0x25dedd56de0 of 154 bytes failed: Only part of a ReadProcessMemory or WriteProcessMemory request was completed. (0x12B)
[0430/133510.434:ERROR:process_memory_win.cc(73)] ReadMemory at 0x25dedd5797c of 512 bytes failed: Only part of a ReadProcessMemory or WriteProcessMemory request was completed. (0x12B)
[0430/133510.435:ERROR:process_memory_win.cc(73)] ReadMemory at 0x25dedd595c0 of 62 bytes failed: Only part of a ReadProcessMemory or WriteProcessMemory request was completed. (0x12B)
[0430/133510.435:ERROR:process_memory_win.cc(73)] ReadMemory at 0x25dedd59610 of 132 bytes failed: Only part of a ReadProcessMemory or WriteProcessMemory request was completed. (0x12B)
[0430/133510.435:ERROR:process_memory_win.cc(73)] ReadMemory at 0x25dedd597b0 of 132 bytes failed: Only part of a ReadProcessMemory or WriteProcessMemory request was completed. (0x12B)
[0430/133510.435:ERROR:process_memory_win.cc(73)] ReadMemory at 0x25dedd598e0 of 60 bytes failed: Only part of a ReadProcessMemory or WriteProcessMemory request was completed. (0x12B)
[0430/133510.435:ERROR:process_memory_win.cc(73)] ReadMemory at 0x25dedd59c40 of 132 bytes failed: Only part of a ReadProcessMemory or WriteProcessMemory request was completed. (0x12B)
[0430/133510.435:ERROR:process_memory_win.cc(73)] ReadMemory at 0x25dedd59d70 of 132 bytes failed: Only part of a ReadProcessMemory or WriteProcessMemory request was completed. (0x12B)
[0430/133510.435:ERROR:process_memory_win.cc(73)] ReadMemory at 0x25dedd59f90 of 132 bytes failed: Only part of a ReadProcessMemory or WriteProcessMemory request was completed. (0x12B)
[0430/133510.435:ERROR:process_memory_win.cc(73)] ReadMemory at 0x25dedd5a2f0 of 132 bytes failed: Only part of a ReadProcessMemory or WriteProcessMemory request was completed. (0x12B)
[0430/133510.435:ERROR:process_memory_win.cc(73)] ReadMemory at 0x25dedd5a500 of 132 bytes failed: Only part of a ReadProcessMemory or WriteProcessMemory request was completed. (0x12B)
[0430/133510.436:ERROR:process_memory_win.cc(73)] ReadMemory at 0x25dedd5a9b0 of 132 bytes failed: Only part of a ReadProcessMemory or WriteProcessMemory request was completed. (0x12B)
[0430/133510.436:ERROR:process_memory_win.cc(73)] ReadMemory at 0x25dedd5d900 of 60 bytes failed: Only part of a ReadProcessMemory or WriteProcessMemory request was completed. (0x12B)
[0430/133510.436:ERROR:process_memory_win.cc(73)] ReadMemory at 0x25dedd5d950 of 64 bytes failed: Only part of a ReadProcessMemory or WriteProcessMemory request was completed. (0x12B)
[0430/133510.436:ERROR:process_memory_win.cc(73)] ReadMemory at 0x25dedd5da90 of 62 bytes failed: Only part of a ReadProcessMemory or WriteProcessMemory request was completed. (0x12B)
[0430/133510.436:ERROR:process_memory_win.cc(73)] ReadMemory at 0x25dedd5dae0 of 64 bytes failed: Only part of a ReadProcessMemory or WriteProcessMemory request was completed. (0x12B)
[0430/133510.436:ERROR:process_memory_win.cc(73)] ReadMemory at 0x25dedd5dc20 of 62 bytes failed: Only part of a ReadProcessMemory or WriteProcessMemory request was completed. (0x12B)
[0430/133510.436:ERROR:process_memory_win.cc(73)] ReadMemory at 0x25dedd5dd10 of 64 bytes failed: Only part of a ReadProcessMemory or WriteProcessMemory request was completed. (0x12B)
[0430/133510.437:ERROR:process_memory_win.cc(73)] ReadMemory at 0x25dedd5dd60 of 66 bytes failed: Only part of a ReadProcessMemory or WriteProcessMemory request was completed. (0x12B)
[0430/133510.437:ERROR:process_memory_win.cc(73)] ReadMemory at 0x25dedd5de00 of 64 bytes failed: Only part of a ReadProcessMemory or WriteProcessMemory request was completed. (0x12B)
[0430/133510.437:ERROR:process_memory_win.cc(73)] ReadMemory at 0x25dedd5def0 of 60 bytes failed: Only part of a ReadProcessMemory or WriteProcessMemory request was completed. (0x12B)
[0430/133510.438:ERROR:process_memory_win.cc(73)] ReadMemory at 0x25dedd5e0c0 of 60 bytes failed: Only part of a ReadProcessMemory or WriteProcessMemory request was completed. (0x12B)
[0430/133510.438:ERROR:process_memory_win.cc(73)] ReadMemory at 0x25dedd5e110 of 62 bytes failed: Only part of a ReadProcessMemory or WriteProcessMemory request was completed. (0x12B)
[0430/133510.438:ERROR:process_memory_win.cc(73)] ReadMemory at 0x25dedd5e160 of 62 bytes failed: Only part of a ReadProcessMemory or WriteProcessMemory request was completed. (0x12B)
[0430/133510.438:ERROR:process_memory_win.cc(73)] ReadMemory at 0x25dedd5e1b0 of 62 bytes failed: Only part of a ReadProcessMemory or WriteProcessMemory request was completed. (0x12B)
[0430/133510.438:ERROR:process_memory_win.cc(73)] ReadMemory at 0x25dedd5e250 of 62 bytes failed: Only part of a ReadProcessMemory or WriteProcessMemory request was completed. (0x12B)
[0430/133510.438:ERROR:process_memory_win.cc(73)] ReadMemory at 0x25dedd5e2f0 of 62 bytes failed: Only part of a ReadProcessMemory or WriteProcessMemory request was completed. (0x12B)
[0430/133510.438:ERROR:process_memory_win.cc(73)] ReadMemory at 0x25dedd5e610 of 60 bytes failed: Only part of a ReadProcessMemory or WriteProcessMemory request was completed. (0x12B)
[0430/133510.438:ERROR:process_memory_win.cc(73)] ReadMemory at 0x25dedd5e6b0 of 62 bytes failed: Only part of a ReadProcessMemory or WriteProcessMemory request was completed. (0x12B)
[0430/133510.438:ERROR:process_memory_win.cc(73)] ReadMemory at 0x25dedd5e700 of 60 bytes failed: Only part of a ReadProcessMemory or WriteProcessMemory request was completed. (0x12B)
[0430/133510.438:ERROR:process_memory_win.cc(73)] ReadMemory at 0x25dedd5e750 of 58 bytes failed: Only part of a ReadProcessMemory or WriteProcessMemory request was completed. (0x12B)
[0430/133510.439:ERROR:process_memory_win.cc(73)] ReadMemory at 0x25dedd5e7a0 of 64 bytes failed: Only part of a ReadProcessMemory or WriteProcessMemory request was completed. (0x12B)
[0430/133510.439:ERROR:process_memory_win.cc(73)] ReadMemory at 0x25dedd5e8e0 of 64 bytes failed: Only part of a ReadProcessMemory or WriteProcessMemory request was completed. (0x12B)
[0430/133510.439:ERROR:process_memory_win.cc(73)] ReadMemory at 0x25dedd5ea70 of 64 bytes failed: Only part of a ReadProcessMemory or WriteProcessMemory request was completed. (0x12B)
[0430/133510.439:ERROR:process_memory_win.cc(73)] ReadMemory at 0x25dedd5eac0 of 66 bytes failed: Only part of a ReadProcessMemory or WriteProcessMemory request was completed. (0x12B)
[0430/133510.439:ERROR:process_memory_win.cc(73)] ReadMemory at 0x25dedd5ec50 of 64 bytes failed: Only part of a ReadProcessMemory or WriteProcessMemory request was completed. (0x12B)
[0430/133510.439:ERROR:process_memory_win.cc(73)] ReadMemory at 0x25dedd5ecf0 of 60 bytes failed: Only part of a ReadProcessMemory or WriteProcessMemory request was completed. (0x12B)
[0430/133510.439:ERROR:process_memory_win.cc(73)] ReadMemory at 0x25dedd5ed40 of 62 bytes failed: Only part of a ReadProcessMemory or WriteProcessMemory request was completed. (0x12B)
[0430/133510.439:ERROR:process_memory_win.cc(73)] ReadMemory at 0x25dedd5ee30 of 62 bytes failed: Only part of a ReadProcessMemory or WriteProcessMemory request was completed. (0x12B)
[0430/133510.440:ERROR:process_memory_win.cc(73)] ReadMemory at 0x25dedd61b80 of 54 bytes failed: Only part of a ReadProcessMemory or WriteProcessMemory request was completed. (0x12B)
[0430/133510.440:ERROR:process_memory_win.cc(73)] ReadMemory at 0x25dedd626c0 of 132 bytes failed: Only part of a ReadProcessMemory or WriteProcessMemory request was completed. (0x12B)
[0430/133510.440:ERROR:process_memory_win.cc(73)] ReadMemory at 0x25dedd62e20 of 132 bytes failed: Only part of a ReadProcessMemory or WriteProcessMemory request was completed. (0x12B)
[0430/133510.440:ERROR:process_memory_win.cc(73)] ReadMemory at 0x25dedd63900 of 78 bytes failed: Only part of a ReadProcessMemory or WriteProcessMemory request was completed. (0x12B)
[0430/133510.440:ERROR:process_memory_win.cc(73)] ReadMemory at 0x25dedd64020 of 80 bytes failed: Only part of a ReadProcessMemory or WriteProcessMemory request was completed. (0x12B)
[0430/133510.440:ERROR:process_memory_win.cc(73)] ReadMemory at 0x25dedd64500 of 76 bytes failed: Only part of a ReadProcessMemory or WriteProcessMemory request was completed. (0x12B)
[0430/133510.440:ERROR:process_memory_win.cc(73)] ReadMemory at 0x25dedd654f0 of 132 bytes failed: Only part of a ReadProcessMemory or WriteProcessMemory request was completed. (0x12B)
[0430/133510.440:ERROR:process_memory_win.cc(73)] ReadMemory at 0x25dedd68a20 of 132 bytes failed: Only part of a ReadProcessMemory or WriteProcessMemory request was completed. (0x12B)
[0430/133510.440:ERROR:process_memory_win.cc(73)] ReadMemory at 0x25dedd68b50 of 132 bytes failed: Only part of a ReadProcessMemory or WriteProcessMemory request was completed. (0x12B)
[0430/133510.441:ERROR:process_memory_win.cc(73)] ReadMemory at 0x25dedd68c80 of 132 bytes failed: Only part of a ReadProcessMemory or WriteProcessMemory request was completed. (0x12B)
[0430/133510.441:ERROR:process_memory_win.cc(73)] ReadMemory at 0x25dedd68db0 of 132 bytes failed: Only part of a ReadProcessMemory or WriteProcessMemory request was completed. (0x12B)
[0430/133510.441:ERROR:process_memory_win.cc(73)] ReadMemory at 0x25dedd68ee0 of 132 bytes failed: Only part of a ReadProcessMemory or WriteProcessMemory request was completed. (0x12B)
[0430/133510.441:ERROR:process_memory_win.cc(73)] ReadMemory at 0x25dedd69010 of 132 bytes failed: Only part of a ReadProcessMemory or WriteProcessMemory request was completed. (0x12B)
[0430/133510.441:ERROR:process_memory_win.cc(73)] ReadMemory at 0x25dedd69140 of 132 bytes failed: Only part of a ReadProcessMemory or WriteProcessMemory request was completed. (0x12B)
[0430/133510.441:ERROR:process_memory_win.cc(73)] ReadMemory at 0x25dedd69270 of 132 bytes failed: Only part of a ReadProcessMemory or WriteProcessMemory request was completed. (0x12B)
[0430/133510.441:ERROR:process_memory_win.cc(73)] ReadMemory at 0x25dedd693a0 of 132 bytes failed: Only part of a ReadProcessMemory or WriteProcessMemory request was completed. (0x12B)
[0430/133510.441:ERROR:process_memory_win.cc(73)] ReadMemory at 0x25dedd69600 of 132 bytes failed: Only part of a ReadProcessMemory or WriteProcessMemory request was completed. (0x12B)
[0430/133510.441:ERROR:process_memory_win.cc(73)] ReadMemory at 0x25dedd69730 of 132 bytes failed: Only part of a ReadProcessMemory or WriteProcessMemory request was completed. (0x12B)
[0430/133510.442:ERROR:process_memory_win.cc(73)] ReadMemory at 0x25dedd69860 of 132 bytes failed: Only part of a ReadProcessMemory or WriteProcessMemory request was completed. (0x12B)
[0430/133510.442:ERROR:process_memory_win.cc(73)] ReadMemory at 0x25dedd6a0b0 of 132 bytes failed: Only part of a ReadProcessMemory or WriteProcessMemory request was completed. (0x12B)
[0430/133510.442:ERROR:process_memory_win.cc(73)] ReadMemory at 0x25dedd6a1e0 of 132 bytes failed: Only part of a ReadProcessMemory or WriteProcessMemory request was completed. (0x12B)
[0430/133510.442:ERROR:process_memory_win.cc(73)] ReadMemory at 0x25dedd6a310 of 132 bytes failed: Only part of a ReadProcessMemory or WriteProcessMemory request was completed. (0x12B)
[0430/133510.442:ERROR:process_memory_win.cc(73)] ReadMemory at 0x25dedd6a440 of 132 bytes failed: Only part of a ReadProcessMemory or WriteProcessMemory request was completed. (0x12B)
[0430/133510.442:ERROR:process_memory_win.cc(73)] ReadMemory at 0x25dedd6a6a0 of 132 bytes failed: Only part of a ReadProcessMemory or WriteProcessMemory request was completed. (0x12B)
[0430/133510.442:ERROR:process_memory_win.cc(73)] ReadMemory at 0x25dedd6a900 of 132 bytes failed: Only part of a ReadProcessMemory or WriteProcessMemory request was completed. (0x12B)
[0430/133510.443:ERROR:process_memory_win.cc(73)] ReadMemory at 0x25dedd6aa30 of 132 bytes failed: Only part of a ReadProcessMemory or WriteProcessMemory request was completed. (0x12B)
[0430/133510.443:ERROR:process_memory_win.cc(73)] ReadMemory at 0x25dedd6ab60 of 132 bytes failed: Only part of a ReadProcessMemory or WriteProcessMemory request was completed. (0x12B)
[0430/133510.443:ERROR:process_memory_win.cc(73)] ReadMemory at 0x25dedd6ac90 of 132 bytes failed: Only part of a ReadProcessMemory or WriteProcessMemory request was completed. (0x12B)
[0430/133510.443:ERROR:process_memory_win.cc(73)] ReadMemory at 0x25dedd6adc0 of 132 bytes failed: Only part of a ReadProcessMemory or WriteProcessMemory request was completed. (0x12B)
[0430/133510.443:ERROR:process_memory_win.cc(73)] ReadMemory at 0x25dedd6aef0 of 132 bytes failed: Only part of a ReadProcessMemory or WriteProcessMemory request was completed. (0x12B)
[0430/133510.443:ERROR:process_memory_win.cc(73)] ReadMemory at 0x25dedd6b020 of 132 bytes failed: Only part of a ReadProcessMemory or WriteProcessMemory request was completed. (0x12B)
[0430/133510.443:ERROR:process_memory_win.cc(73)] ReadMemory at 0x25dedd6b150 of 132 bytes failed: Only part of a ReadProcessMemory or WriteProcessMemory request was completed. (0x12B)
[0430/133510.443:ERROR:process_memory_win.cc(73)] ReadMemory at 0x25dedd6b280 of 132 bytes failed: Only part of a ReadProcessMemory or WriteProcessMemory request was completed. (0x12B)
[0430/133510.443:ERROR:process_memory_win.cc(73)] ReadMemory at 0x25dedd6b3b0 of 132 bytes failed: Only part of a ReadProcessMemory or WriteProcessMemory request was completed. (0x12B)
[0430/133510.444:ERROR:process_memory_win.cc(73)] ReadMemory at 0x25dedd6b4e0 of 132 bytes failed: Only part of a ReadProcessMemory or WriteProcessMemory request was completed. (0x12B)
[0430/133510.444:ERROR:process_memory_win.cc(73)] ReadMemory at 0x25dedd6b610 of 132 bytes failed: Only part of a ReadProcessMemory or WriteProcessMemory request was completed. (0x12B)
[0430/133510.444:ERROR:process_memory_win.cc(73)] ReadMemory at 0x25dedd6b740 of 132 bytes failed: Only part of a ReadProcessMemory or WriteProcessMemory request was completed. (0x12B)
[0430/133510.444:ERROR:process_memory_win.cc(73)] ReadMemory at 0x25dedd6bad0 of 132 bytes failed: Only part of a ReadProcessMemory or WriteProcessMemory request was completed. (0x12B)
[0430/133510.444:ERROR:process_memory_win.cc(73)] ReadMemory at 0x25dedd6bc00 of 132 bytes failed: Only part of a ReadProcessMemory or WriteProcessMemory request was completed. (0x12B)
[0430/133510.444:ERROR:process_memory_win.cc(73)] ReadMemory at 0x25dedd6bd30 of 132 bytes failed: Only part of a ReadProcessMemory or WriteProcessMemory request was completed. (0x12B)
[0430/133510.444:ERROR:process_memory_win.cc(73)] ReadMemory at 0x25dedd7af50 of 58 bytes failed: Only part of a ReadProcessMemory or WriteProcessMemory request was completed. (0x12B)
[0430/133510.444:ERROR:process_memory_win.cc(73)] ReadMemory at 0x25dedd7b180 of 58 bytes failed: Only part of a ReadProcessMemory or WriteProcessMemory request was completed. (0x12B)
[0430/133510.444:ERROR:process_memory_win.cc(73)] ReadMemory at 0x25dedd7b310 of 60 bytes failed: Only part of a ReadProcessMemory or WriteProcessMemory request was completed. (0x12B)
[0430/133510.445:ERROR:process_memory_win.cc(73)] ReadMemory at 0x25dedd7b590 of 62 bytes failed: Only part of a ReadProcessMemory or WriteProcessMemory request was completed. (0x12B)
[0430/133510.445:ERROR:process_memory_win.cc(73)] ReadMemory at 0x25dedd7b630 of 62 bytes failed: Only part of a ReadProcessMemory or WriteProcessMemory request was completed. (0x12B)
[0430/133510.445:ERROR:process_memory_win.cc(73)] ReadMemory at 0x25dedd7b720 of 66 bytes failed: Only part of a ReadProcessMemory or WriteProcessMemory request was completed. (0x12B)
[0430/133510.445:ERROR:process_memory_win.cc(73)] ReadMemory at 0x25dedd7b900 of 62 bytes failed: Only part of a ReadProcessMemory or WriteProcessMemory request was completed. (0x12B)
[0430/133510.445:ERROR:process_memory_win.cc(73)] ReadMemory at 0x25dedd7b9a0 of 60 bytes failed: Only part of a ReadProcessMemory or WriteProcessMemory request was completed. (0x12B)
[0430/133510.446:ERROR:process_memory_win.cc(73)] ReadMemory at 0x25dedd7bc20 of 64 bytes failed: Only part of a ReadProcessMemory or WriteProcessMemory request was completed. (0x12B)
[0430/133510.446:ERROR:process_memory_win.cc(73)] ReadMemory at 0x25dedd7bdb0 of 58 bytes failed: Only part of a ReadProcessMemory or WriteProcessMemory request was completed. (0x12B)
[0430/133510.449:ERROR:scoped_process_suspend.cc(40)] NtResumeProcess: An attempt was made to access an exiting process. (0xc000010a)
[0430/173812.917:ERROR:process_reader_win.cc(123)] NtOpenThread: {Access Denied} A process has requested access to an object, but has not been granted those access rights. (0xc0000022)
[0430/173812.926:ERROR:exception_snapshot_win.cc(98)] thread ID 25988 not found in process
[0430/173812.947:ERROR:process_reader_win.cc(123)] NtOpenThread: {Access Denied} A process has requested access to an object, but has not been granted those access rights. (0xc0000022)
[0430/173812.950:ERROR:exception_snapshot_win.cc(98)] thread ID 27900 not found in process
[0430/173813.058:ERROR:process_reader_win.cc(123)] NtOpenThread: {Access Denied} A process has requested access to an object, but has not been granted those access rights. (0xc0000022)
[0430/173813.060:ERROR:exception_snapshot_win.cc(98)] thread ID 22116 not found in process
[0430/173813.075:ERROR:process_reader_win.cc(123)] NtOpenThread: {Access Denied} A process has requested access to an object, but has not been granted those access rights. (0xc0000022)
[0430/173813.075:ERROR:exception_snapshot_win.cc(98)] thread ID 8284 not found in process
[0430/173813.080:ERROR:process_reader_win.cc(123)] NtOpenThread: {Access Denied} A process has requested access to an object, but has not been granted those access rights. (0xc0000022)
[0430/173813.080:ERROR:exception_snapshot_win.cc(98)] thread ID 19860 not found in process
[0430/173813.103:ERROR:process_reader_win.cc(123)] NtOpenThread: {Access Denied} A process has requested access to an object, but has not been granted those access rights. (0xc0000022)
[0430/173813.103:ERROR:exception_snapshot_win.cc(98)] thread ID 6592 not found in process
[0430/174352.050:ERROR:process_reader_win.cc(123)] NtOpenThread: {Access Denied} A process has requested access to an object, but has not been granted those access rights. (0xc0000022)
[0430/174352.055:ERROR:exception_snapshot_win.cc(98)] thread ID 8208 not found in process
